SF:lib/domain/model/movie/movie_details_model.dart
DA:5,4
DA:31,6
DA:34,3
DA:36,3
DA:40,3
DA:46,3
DA:47,3
DA:57,4
DA:58,2
DA:59,2
DA:60,4
DA:61,2
DA:62,2
DA:63,2
DA:64,4
DA:68,2
DA:69,2
DA:70,4
DA:71,2
DA:72,2
DA:73,2
DA:74,2
DA:76,2
DA:77,2
DA:78,2
DA:79,2
DA:80,4
DA:81,6
DA:82,2
DA:83,2
DA:84,4
DA:88,2
DA:89,6
DA:90,2
DA:91,2
DA:92,2
DA:93,2
DA:94,2
DA:95,4
DA:96,4
DA:99,1
DA:101,2
DA:102,2
DA:103,6
DA:104,1
LF:45
LH:45
end_of_record
SF:lib/data/rest-client/model/rest_client_response.dart
DA:2,2
LF:1
LH:1
end_of_record
SF:lib/domain/model/collection/collection_model.dart
DA:2,5
DA:9,8
DA:16,3
DA:17,3
DA:18,6
DA:19,3
DA:20,3
DA:21,3
LF:8
LH:8
end_of_record
SF:lib/controller/details/details_controller.dart
DA:4,1
DA:8,3
DA:9,3
DA:10,0
DA:12,3
DA:14,1
DA:15,2
DA:16,2
LF:8
LH:7
end_of_record
SF:lib/controller/details/details_variables.dart
DA:9,1
LF:1
LH:1
end_of_record
SF:lib/controller/home/home_variables.dart
DA:10,1
LF:1
LH:1
end_of_record
SF:lib/controller/home/home_controller.dart
DA:4,1
DA:8,3
DA:9,3
DA:11,3
DA:12,3
DA:14,3
DA:15,0
DA:17,1
DA:19,1
DA:20,1
DA:21,1
DA:22,1
DA:25,1
DA:26,2
DA:29,1
DA:31,2
DA:32,1
DA:35,2
DA:39,1
DA:40,2
DA:41,2
DA:42,2
DA:45,1
DA:47,2
DA:48,1
DA:49,0
DA:50,0
DA:53,2
DA:54,2
DA:55,1
DA:59,2
DA:62,2
DA:66,1
DA:70,2
DA:73,2
DA:75,2
DA:77,0
DA:80,0
DA:84,1
DA:85,2
DA:86,0
DA:87,0
LF:42
LH:35
end_of_record
SF:lib/data/provider/movie/movie_provider_imp.dart
DA:9,1
DA:14,1
DA:17,2
DA:19,1
DA:24,2
DA:25,1
DA:26,2
DA:28,1
DA:34,1
DA:39,2
DA:41,1
DA:47,2
DA:48,1
DA:49,2
DA:51,1
DA:57,1
DA:62,2
DA:63,1
DA:64,1
DA:69,2
DA:75,0
DA:79,0
DA:80,0
DA:81,0
DA:82,0
DA:85,0
DA:87,0
DA:93,0
DA:94,0
DA:95,0
DA:97,0
LF:31
LH:20
end_of_record
SF:lib/data/rest-client/model/rest_client_exception.dart
DA:4,1
LF:1
LH:1
end_of_record
SF:lib/data/service/movie/movie_service_imp.dart
DA:5,1
DA:10,1
DA:11,2
DA:13,1
DA:17,2
DA:21,1
DA:22,2
DA:24,0
DA:25,0
LF:9
LH:7
end_of_record
SF:lib/domain/model/company/company_model.dart
DA:2,3
DA:9,2
DA:16,6
DA:17,6
DA:18,3
DA:19,3
DA:20,3
LF:7
LH:7
end_of_record
SF:lib/domain/model/genre/genre_model.dart
DA:2,4
DA:7,2
DA:12,6
DA:13,3
DA:14,3
LF:5
LH:5
end_of_record
SF:lib/domain/model/movie/movie_model.dart
DA:4,3
DA:21,4
DA:24,2
DA:31,2
DA:38,2
DA:39,2
DA:40,2
DA:41,2
DA:42,2
DA:43,2
DA:44,2
DA:46,2
DA:47,4
DA:48,2
DA:49,2
DA:50,2
DA:51,4
DA:52,6
DA:53,6
DA:54,2
DA:55,2
DA:56,4
DA:57,4
LF:23
LH:23
end_of_record
SF:lib/ui/components/atoms/button/mf_button.dart
DA:6,1
DA:19,1
DA:21,1
DA:22,1
DA:23,3
DA:24,1
DA:25,4
DA:26,1
DA:27,2
DA:28,1
DA:31,3
DA:32,1
DA:33,1
DA:34,1
LF:14
LH:14
end_of_record
SF:lib/ui/theme/colors.dart
DA:4,2
DA:5,2
DA:6,2
DA:7,2
LF:4
LH:4
end_of_record
SF:lib/ui/components/atoms/chip/mf_chip.dart
DA:7,1
DA:12,1
DA:14,1
DA:15,1
DA:21,1
DA:26,1
DA:28,1
DA:29,1
DA:30,1
DA:36,1
DA:51,1
DA:53,1
DA:54,3
DA:55,1
DA:56,1
DA:60,1
DA:61,1
DA:62,1
DA:63,3
DA:65,1
DA:66,1
DA:70,1
DA:71,1
DA:72,1
DA:73,1
LF:25
LH:25
end_of_record
SF:lib/ui/components/atoms/image-network/mf_image_network.dart
DA:4,0
DA:15,0
DA:17,0
DA:18,0
DA:19,0
DA:20,0
DA:21,0
DA:22,0
DA:23,0
LF:9
LH:0
end_of_record
SF:lib/ui/components/atoms/loading/mf_loading.dart
DA:6,0
DA:8,0
DA:10,0
DA:11,0
DA:12,0
LF:5
LH:0
end_of_record
SF:lib/data/rest-client/rest_client_imp.dart
DA:7,1
DA:13,1
DA:19,2
DA:23,1
DA:24,1
DA:25,1
DA:31,2
DA:32,1
DA:33,1
DA:34,1
DA:37,2
DA:38,1
DA:39,1
DA:40,1
DA:41,1
DA:42,1
DA:43,1
DA:44,1
LF:18
LH:18
end_of_record
